  [1m[35m (150.2ms)[0m  [1m[35mCREATE DATABASE "job_board_development" ENCODING = 'unicode'[0m
  [1m[35m (62.0ms)[0m  [1m[35mCREATE DATABASE "job_board_test" ENCODING = 'unicode'[0m
Started GET "/" for 127.0.0.1 at 2020-10-18 00:33:01 +0000
Processing by Rails::WelcomeController#index as HTML
  Rendering /var/lib/gems/2.7.0/gems/railties-6.0.3.4/lib/rails/templates/rails/welcome/index.html.erb
  Rendered /var/lib/gems/2.7.0/gems/railties-6.0.3.4/lib/rails/templates/rails/welcome/index.html.erb (Duration: 11.4ms | Allocations: 407)
Completed 200 OK in 38ms (Views: 17.2ms | ActiveRecord: 0.0ms | Allocations: 2242)


Started GET "/favicon.ico" for 127.0.0.1 at 2020-10-18 00:33:02 +0000
  
ActionController::RoutingError (No route matches [GET] "/favicon.ico"):
  
actionpack (6.0.3.4) lib/action_dispatch/middleware/debug_exceptions.rb:36:in `call'
actionpack (6.0.3.4) lib/action_dispatch/middleware/show_exceptions.rb:33:in `call'
railties (6.0.3.4) lib/rails/rack/logger.rb:37:in `call_app'
railties (6.0.3.4) lib/rails/rack/logger.rb:26:in `block in call'
activesupport (6.0.3.4) lib/active_support/tagged_logging.rb:80:in `block in tagged'
activesupport (6.0.3.4) lib/active_support/tagged_logging.rb:28:in `tagged'
activesupport (6.0.3.4) lib/active_support/tagged_logging.rb:80:in `tagged'
railties (6.0.3.4) lib/rails/rack/logger.rb:26:in `call'
actionpack (6.0.3.4) lib/action_dispatch/middleware/remote_ip.rb:81:in `call'
actionpack (6.0.3.4) lib/action_dispatch/middleware/request_id.rb:27:in `call'
rack (2.2.3) lib/rack/runtime.rb:22:in `call'
activesupport (6.0.3.4) lib/active_support/cache/strategy/local_cache_middleware.rb:29:in `call'
actionpack (6.0.3.4) lib/action_dispatch/middleware/executor.rb:14:in `call'
actionpack (6.0.3.4) lib/action_dispatch/middleware/static.rb:126:in `call'
rack (2.2.3) lib/rack/sendfile.rb:110:in `call'
actionpack (6.0.3.4) lib/action_dispatch/middleware/host_authorization.rb:82:in `call'
railties (6.0.3.4) lib/rails/engine.rb:527:in `call'
puma (4.3.6) lib/puma/configuration.rb:228:in `call'
puma (4.3.6) lib/puma/server.rb:713:in `handle_request'
puma (4.3.6) lib/puma/server.rb:472:in `process_client'
puma (4.3.6) lib/puma/server.rb:328:in `block in run'
puma (4.3.6) lib/puma/thread_pool.rb:134:in `block in spawn_thread'
  [1m[35m (22.8ms)[0m  [1m[35mCREATE TABLE "schema_migrations" ("version" character varying NOT NULL PRIMARY KEY)[0m
  [1m[35m (3.4ms)[0m  [1m[35mCREATE TABLE "ar_internal_metadata" ("key" character varying NOT NULL PRIMARY KEY, "value" character varying, "created_at" timestamp(6) NOT NULL, "updated_at" timestamp(6) NOT NULL)[0m
  [1m[35m (1.1ms)[0m  [1m[34mSELECT pg_try_advisory_lock(229729554083355900)[0m
  [1m[35m (0.4ms)[0m  [1m[34mSELECT "schema_migrations"."version" FROM "schema_migrations" ORDER BY "schema_migrations"."version" ASC[0m
Migrating to CreateJobs (20201019094545)
  [1m[35m (0.2ms)[0m  [1m[35mBEGIN[0m
  [1m[35m (6.8ms)[0m  [1m[35mCREATE TABLE "jobs" ("id" bigserial primary key, "company" character varying, "position" character varying, "description" character varying)[0m
  [1m[36mprimary::SchemaMigration Create (0.4ms)[0m  [1m[32mINSERT INTO "schema_migrations" ("version") VALUES ($1) RETURNING "version"[0m  [["version", "20201019094545"]]
  [1m[35m (0.7ms)[0m  [1m[35mCOMMIT[0m
  [1m[36mActiveRecord::InternalMetadata Load (0.3ms)[0m  [1m[34mSELECT "ar_internal_metadata".* FROM "ar_internal_metadata" WHERE "ar_internal_metadata"."key" = $1 LIMIT $2[0m  [["key", "environment"], ["LIMIT", 1]]
  [1m[35m (0.2ms)[0m  [1m[35mBEGIN[0m
  [1m[36mActiveRecord::InternalMetadata Create (0.7ms)[0m  [1m[32mINSERT INTO "ar_internal_metadata" ("key", "value", "created_at", "updated_at") VALUES ($1, $2, $3, $4) RETURNING "key"[0m  [["key", "environment"], ["value", "development"], ["created_at", "2020-10-19 09:47:38.451658"], ["updated_at", "2020-10-19 09:47:38.451658"]]
  [1m[35m (0.4ms)[0m  [1m[35mCOMMIT[0m
  [1m[35m (0.2ms)[0m  [1m[34mSELECT pg_advisory_unlock(229729554083355900)[0m
  [1m[35m (1.3ms)[0m  [1m[34mSELECT "schema_migrations"."version" FROM "schema_migrations" ORDER BY "schema_migrations"."version" ASC[0m
Started GET "/api/v1/jobs.json" for 127.0.0.1 at 2020-10-21 20:35:01 +0000
  [1m[35m (2.9ms)[0m  [1m[34mSELECT "schema_migrations"."version" FROM "schema_migrations" ORDER BY "schema_migrations"."version" ASC[0m
Processing by Api::V1::JobsController#index as JSON
  [1m[36mJob Load (4.9ms)[0m  [1m[34mSELECT "jobs".* FROM "jobs"[0m
  ↳ app/controllers/api/v1/jobs_controller.rb:6:in `index'
Completed 200 OK in 38ms (Views: 10.5ms | ActiveRecord: 10.4ms | Allocations: 1511)


Started GET "/api/v1/jobs.json" for 127.0.0.1 at 2020-10-21 20:39:06 +0000
Processing by Api::V1::JobsController#index as JSON
  [1m[36mJob Load (0.7ms)[0m  [1m[34mSELECT "jobs".* FROM "jobs"[0m
  ↳ app/controllers/api/v1/jobs_controller.rb:6:in `index'
Completed 200 OK in 8ms (Views: 6.2ms | ActiveRecord: 0.7ms | Allocations: 829)


Started GET "/api/v1/jobs.json" for 127.0.0.1 at 2020-10-21 20:39:36 +0000
Processing by Api::V1::JobsController#index as JSON
  [1m[36mJob Load (2.3ms)[0m  [1m[34mSELECT "jobs".* FROM "jobs"[0m
  ↳ app/controllers/api/v1/jobs_controller.rb:6:in `index'
Completed 200 OK in 11ms (Views: 7.7ms | ActiveRecord: 2.3ms | Allocations: 829)


Started GET "/api/v1/jobs.json" for 127.0.0.1 at 2020-10-21 20:40:23 +0000
Processing by Api::V1::JobsController#index as JSON
  [1m[36mJob Load (0.5ms)[0m  [1m[34mSELECT "jobs".* FROM "jobs"[0m
  ↳ app/controllers/api/v1/jobs_controller.rb:6:in `index'
Completed 200 OK in 5ms (Views: 4.0ms | ActiveRecord: 0.5ms | Allocations: 810)


Started GET "/api/v1/jobs.json" for 127.0.0.1 at 2020-10-21 20:44:23 +0000
Processing by Api::V1::JobsController#index as JSON
  [1m[36mJob Load (0.8ms)[0m  [1m[34mSELECT "jobs".* FROM "jobs"[0m
  ↳ app/controllers/api/v1/jobs_controller.rb:6:in `index'
Completed 200 OK in 8ms (Views: 6.6ms | ActiveRecord: 0.8ms | Allocations: 810)


Started GET "/api/v1/jobs.json" for 127.0.0.1 at 2020-10-21 21:38:49 +0000
Processing by Api::V1::JobsController#index as JSON
  [1m[36mJob Load (6.7ms)[0m  [1m[34mSELECT "jobs".* FROM "jobs"[0m
  ↳ app/controllers/api/v1/jobs_controller.rb:6:in `index'
Completed 200 OK in 18ms (Views: 6.3ms | ActiveRecord: 6.7ms | Allocations: 866)


Started GET "/api/v1/jobs.json" for 127.0.0.1 at 2020-10-21 21:41:52 +0000
Processing by Api::V1::JobsController#index as JSON
  [1m[36mJob Load (1.0ms)[0m  [1m[34mSELECT "jobs".* FROM "jobs"[0m
  ↳ app/controllers/api/v1/jobs_controller.rb:6:in `index'
Completed 200 OK in 4ms (Views: 3.0ms | ActiveRecord: 1.0ms | Allocations: 810)


Started GET "/api/v1/jobs.json" for 127.0.0.1 at 2020-10-21 21:43:06 +0000
Processing by Api::V1::JobsController#index as JSON
  [1m[36mJob Load (1.0ms)[0m  [1m[34mSELECT "jobs".* FROM "jobs"[0m
  ↳ app/controllers/api/v1/jobs_controller.rb:6:in `index'
Completed 200 OK in 10ms (Views: 7.9ms | ActiveRecord: 1.0ms | Allocations: 829)


Started GET "/api/v1/jobs.json" for 127.0.0.1 at 2020-10-21 21:46:17 +0000
Processing by Api::V1::JobsController#index as JSON
  [1m[36mJob Load (0.4ms)[0m  [1m[34mSELECT "jobs".* FROM "jobs"[0m
  ↳ app/controllers/api/v1/jobs_controller.rb:6:in `index'
Completed 200 OK in 7ms (Views: 6.2ms | ActiveRecord: 0.4ms | Allocations: 810)


Started GET "/api/v1/jobs.json" for 127.0.0.1 at 2020-10-23 10:40:17 +0000
Processing by Api::V1::JobsController#index as JSON
  [1m[36mJob Load (10.7ms)[0m  [1m[34mSELECT "jobs".* FROM "jobs"[0m
  ↳ app/controllers/api/v1/jobs_controller.rb:6:in `index'
Completed 200 OK in 424ms (Views: 382.0ms | ActiveRecord: 10.7ms | Allocations: 862)


Started GET "/api/v1/jobs.json" for 127.0.0.1 at 2020-10-23 10:43:11 +0000
Processing by Api::V1::JobsController#index as JSON
  [1m[36mJob Load (0.8ms)[0m  [1m[34mSELECT "jobs".* FROM "jobs"[0m
  ↳ app/controllers/api/v1/jobs_controller.rb:6:in `index'
Completed 200 OK in 43ms (Views: 41.9ms | ActiveRecord: 0.8ms | Allocations: 810)


Started GET "/api/v1/jobs.json" for 127.0.0.1 at 2020-10-23 10:44:01 +0000
Processing by Api::V1::JobsController#index as JSON
  [1m[36mJob Load (2.6ms)[0m  [1m[34mSELECT "jobs".* FROM "jobs"[0m
  ↳ app/controllers/api/v1/jobs_controller.rb:6:in `index'
Completed 200 OK in 17ms (Views: 13.2ms | ActiveRecord: 2.6ms | Allocations: 810)


Started GET "/api/v1/jobs.json" for 127.0.0.1 at 2020-10-23 10:44:48 +0000
Processing by Api::V1::JobsController#index as JSON
  [1m[36mJob Load (1.2ms)[0m  [1m[34mSELECT "jobs".* FROM "jobs"[0m
  ↳ app/controllers/api/v1/jobs_controller.rb:6:in `index'
Completed 200 OK in 4ms (Views: 2.9ms | ActiveRecord: 1.2ms | Allocations: 810)


Started GET "/api/v1/jobs.json" for 127.0.0.1 at 2020-10-23 12:07:16 +0000
Processing by Api::V1::JobsController#index as JSON
  [1m[36mJob Load (0.6ms)[0m  [1m[34mSELECT "jobs".* FROM "jobs"[0m
  ↳ app/controllers/api/v1/jobs_controller.rb:6:in `index'
Completed 200 OK in 7ms (Views: 5.2ms | ActiveRecord: 0.6ms | Allocations: 859)


Started GET "/api/v1/jobs.json" for 127.0.0.1 at 2020-10-23 12:08:55 +0000
Processing by Api::V1::JobsController#index as JSON
  [1m[36mJob Load (0.5ms)[0m  [1m[34mSELECT "jobs".* FROM "jobs"[0m
  ↳ app/controllers/api/v1/jobs_controller.rb:6:in `index'
Completed 200 OK in 5ms (Views: 4.3ms | ActiveRecord: 0.5ms | Allocations: 810)


Started GET "/api/v1/jobs.json" for 127.0.0.1 at 2020-10-23 12:09:15 +0000
Processing by Api::V1::JobsController#index as JSON
  [1m[36mJob Load (0.4ms)[0m  [1m[34mSELECT "jobs".* FROM "jobs"[0m
  ↳ app/controllers/api/v1/jobs_controller.rb:6:in `index'
Completed 200 OK in 2ms (Views: 1.5ms | ActiveRecord: 0.4ms | Allocations: 810)


Started GET "/api/v1/jobs.json" for 127.0.0.1 at 2020-10-23 12:09:56 +0000
Processing by Api::V1::JobsController#index as JSON
  [1m[36mJob Load (0.2ms)[0m  [1m[34mSELECT "jobs".* FROM "jobs"[0m
  ↳ app/controllers/api/v1/jobs_controller.rb:6:in `index'
Completed 200 OK in 2ms (Views: 1.5ms | ActiveRecord: 0.2ms | Allocations: 810)


Started GET "/api/v1/jobs.json" for 127.0.0.1 at 2020-10-23 12:10:23 +0000
Processing by Api::V1::JobsController#index as JSON
  [1m[36mJob Load (1.6ms)[0m  [1m[34mSELECT "jobs".* FROM "jobs"[0m
  ↳ app/controllers/api/v1/jobs_controller.rb:6:in `index'
Completed 200 OK in 4ms (Views: 2.5ms | ActiveRecord: 1.6ms | Allocations: 810)


Started GET "/api/v1/jobs.json" for 127.0.0.1 at 2020-10-23 12:10:57 +0000
Processing by Api::V1::JobsController#index as JSON
  [1m[36mJob Load (0.4ms)[0m  [1m[34mSELECT "jobs".* FROM "jobs"[0m
  ↳ app/controllers/api/v1/jobs_controller.rb:6:in `index'
Completed 200 OK in 2ms (Views: 1.4ms | ActiveRecord: 0.4ms | Allocations: 810)


Started GET "/api/v1/jobs.json" for 127.0.0.1 at 2020-10-23 12:11:39 +0000
Processing by Api::V1::JobsController#index as JSON
  [1m[36mJob Load (0.3ms)[0m  [1m[34mSELECT "jobs".* FROM "jobs"[0m
  ↳ app/controllers/api/v1/jobs_controller.rb:6:in `index'
Completed 200 OK in 3ms (Views: 2.1ms | ActiveRecord: 0.3ms | Allocations: 810)


Started GET "/api/v1/jobs.json" for 127.0.0.1 at 2020-10-23 12:18:06 +0000
Processing by Api::V1::JobsController#index as JSON
  [1m[36mJob Load (0.5ms)[0m  [1m[34mSELECT "jobs".* FROM "jobs"[0m
  ↳ app/controllers/api/v1/jobs_controller.rb:6:in `index'
Completed 200 OK in 3ms (Views: 1.8ms | ActiveRecord: 0.5ms | Allocations: 859)


Started GET "/api/v1/jobs.json" for 127.0.0.1 at 2020-10-23 12:24:14 +0000
Processing by Api::V1::JobsController#index as JSON
  [1m[36mJob Load (0.5ms)[0m  [1m[34mSELECT "jobs".* FROM "jobs"[0m
  ↳ app/controllers/api/v1/jobs_controller.rb:6:in `index'
Completed 200 OK in 5ms (Views: 3.8ms | ActiveRecord: 0.5ms | Allocations: 859)


Started GET "/api/v1/jobs.json" for 127.0.0.1 at 2020-10-23 12:24:54 +0000
Processing by Api::V1::JobsController#index as JSON
  [1m[36mJob Load (0.2ms)[0m  [1m[34mSELECT "jobs".* FROM "jobs"[0m
  ↳ app/controllers/api/v1/jobs_controller.rb:6:in `index'
Completed 200 OK in 3ms (Views: 2.2ms | ActiveRecord: 0.2ms | Allocations: 810)


Started GET "/api/v1/jobs.json" for 127.0.0.1 at 2020-10-23 12:29:07 +0000
Processing by Api::V1::JobsController#index as JSON
  [1m[36mJob Load (0.3ms)[0m  [1m[34mSELECT "jobs".* FROM "jobs"[0m
  ↳ app/controllers/api/v1/jobs_controller.rb:6:in `index'
Completed 200 OK in 2ms (Views: 1.5ms | ActiveRecord: 0.3ms | Allocations: 810)


Started GET "/api/v1/jobs.json" for 127.0.0.1 at 2020-10-23 13:46:07 +0000
Processing by Api::V1::JobsController#index as JSON
  [1m[36mJob Load (2.7ms)[0m  [1m[34mSELECT "jobs".* FROM "jobs"[0m
  ↳ app/controllers/api/v1/jobs_controller.rb:6:in `index'
Completed 200 OK in 8ms (Views: 5.0ms | ActiveRecord: 2.7ms | Allocations: 862)


  [1m[35m (0.1ms)[0m  [1m[35mBEGIN[0m
  ↳ lib/tasks/seed_jobs.rake:3:in `block in <main>'
  [1m[36mJob Create (9.0ms)[0m  [1m[32mINSERT INTO "jobs" ("company", "position", "description") VALUES ($1, $2, $3) RETURNING "id"[0m  [["company", "Amazon"], ["position", "Staff Software Engineer"], ["description", "Be the lead technical resource"]]
  ↳ lib/tasks/seed_jobs.rake:3:in `block in <main>'
  [1m[35m (1.3ms)[0m  [1m[35mCOMMIT[0m
  ↳ lib/tasks/seed_jobs.rake:3:in `block in <main>'
  [1m[35m (0.2ms)[0m  [1m[35mBEGIN[0m
  ↳ lib/tasks/seed_jobs.rake:9:in `block in <main>'
  [1m[36mJob Create (0.2ms)[0m  [1m[32mINSERT INTO "jobs" ("company", "position", "description") VALUES ($1, $2, $3) RETURNING "id"[0m  [["company", "Microsoft"], ["position", "Engineer"], ["description", "Write code"]]
  ↳ lib/tasks/seed_jobs.rake:9:in `block in <main>'
  [1m[35m (0.4ms)[0m  [1m[35mCOMMIT[0m
  ↳ lib/tasks/seed_jobs.rake:9:in `block in <main>'
Started GET "/api/v1/jobs.json" for 127.0.0.1 at 2020-10-23 14:06:13 +0000
Processing by Api::V1::JobsController#index as JSON
  [1m[36mJob Load (1.3ms)[0m  [1m[34mSELECT "jobs".* FROM "jobs"[0m
  ↳ app/controllers/api/v1/jobs_controller.rb:6:in `index'
Completed 200 OK in 32ms (Views: 26.6ms | ActiveRecord: 4.8ms | Allocations: 3132)


Started GET "/api/v1/jobs.json" for 127.0.0.1 at 2020-10-23 23:23:09 +0000
Processing by Api::V1::JobsController#index as JSON
  [1m[36mJob Load (4.4ms)[0m  [1m[34mSELECT "jobs".* FROM "jobs"[0m
  ↳ app/controllers/api/v1/jobs_controller.rb:6:in `index'
Completed 200 OK in 67ms (Views: 53.2ms | ActiveRecord: 4.4ms | Allocations: 1023)


Started GET "/api/v1/jobs.json" for 127.0.0.1 at 2020-10-23 23:25:48 +0000
Processing by Api::V1::JobsController#index as JSON
  [1m[36mJob Load (1.0ms)[0m  [1m[34mSELECT "jobs".* FROM "jobs"[0m
  ↳ app/controllers/api/v1/jobs_controller.rb:6:in `index'
Completed 200 OK in 11ms (Views: 6.4ms | ActiveRecord: 1.0ms | Allocations: 971)


Started GET "/api/v1/jobs.json" for 127.0.0.1 at 2020-10-23 23:26:40 +0000
Processing by Api::V1::JobsController#index as JSON
  [1m[36mJob Load (1.1ms)[0m  [1m[34mSELECT "jobs".* FROM "jobs"[0m
  ↳ app/controllers/api/v1/jobs_controller.rb:6:in `index'
Completed 200 OK in 29ms (Views: 27.1ms | ActiveRecord: 1.1ms | Allocations: 971)


Started GET "/api/v1/jobs.json" for 127.0.0.1 at 2020-10-23 23:27:21 +0000
Processing by Api::V1::JobsController#index as JSON
  [1m[36mJob Load (0.7ms)[0m  [1m[34mSELECT "jobs".* FROM "jobs"[0m
  ↳ app/controllers/api/v1/jobs_controller.rb:6:in `index'
Completed 200 OK in 28ms (Views: 25.3ms | ActiveRecord: 0.7ms | Allocations: 971)


Started GET "/api/v1/jobs.json" for 127.0.0.1 at 2020-10-23 23:28:00 +0000
Processing by Api::V1::JobsController#index as JSON
  [1m[36mJob Load (1.2ms)[0m  [1m[34mSELECT "jobs".* FROM "jobs"[0m
  ↳ app/controllers/api/v1/jobs_controller.rb:6:in `index'
Completed 200 OK in 29ms (Views: 26.9ms | ActiveRecord: 1.2ms | Allocations: 971)


Started GET "/api/v1/jobs.json" for 127.0.0.1 at 2020-10-23 23:28:44 +0000
Processing by Api::V1::JobsController#index as JSON
  [1m[36mJob Load (0.6ms)[0m  [1m[34mSELECT "jobs".* FROM "jobs"[0m
  ↳ app/controllers/api/v1/jobs_controller.rb:6:in `index'
Completed 200 OK in 72ms (Views: 71.0ms | ActiveRecord: 0.6ms | Allocations: 971)


Started GET "/api/v1/jobs.json" for 127.0.0.1 at 2020-10-23 23:29:51 +0000
Processing by Api::V1::JobsController#index as JSON
  [1m[36mJob Load (4.1ms)[0m  [1m[34mSELECT "jobs".* FROM "jobs"[0m
  ↳ app/controllers/api/v1/jobs_controller.rb:6:in `index'
Completed 200 OK in 23ms (Views: 18.2ms | ActiveRecord: 4.1ms | Allocations: 971)


Started GET "/api/v1/jobs.json" for 127.0.0.1 at 2020-10-23 23:30:34 +0000
Processing by Api::V1::JobsController#index as JSON
  [1m[36mJob Load (1.0ms)[0m  [1m[34mSELECT "jobs".* FROM "jobs"[0m
  ↳ app/controllers/api/v1/jobs_controller.rb:6:in `index'
Completed 200 OK in 13ms (Views: 11.0ms | ActiveRecord: 1.0ms | Allocations: 971)


Started GET "/api/v1/jobs.json" for 127.0.0.1 at 2020-10-23 23:31:11 +0000
Processing by Api::V1::JobsController#index as JSON
  [1m[36mJob Load (1.3ms)[0m  [1m[34mSELECT "jobs".* FROM "jobs"[0m
  ↳ app/controllers/api/v1/jobs_controller.rb:6:in `index'
Completed 200 OK in 14ms (Views: 11.7ms | ActiveRecord: 1.3ms | Allocations: 971)


Started GET "/api/v1/jobs.json" for 127.0.0.1 at 2020-10-23 23:32:10 +0000
Processing by Api::V1::JobsController#index as JSON
  [1m[36mJob Load (0.5ms)[0m  [1m[34mSELECT "jobs".* FROM "jobs"[0m
  ↳ app/controllers/api/v1/jobs_controller.rb:6:in `index'
Completed 200 OK in 13ms (Views: 12.5ms | ActiveRecord: 0.5ms | Allocations: 971)


Started GET "/api/v1/jobs.json" for 127.0.0.1 at 2020-10-23 23:35:16 +0000
Processing by Api::V1::JobsController#index as JSON
  [1m[36mJob Load (0.8ms)[0m  [1m[34mSELECT "jobs".* FROM "jobs"[0m
  ↳ app/controllers/api/v1/jobs_controller.rb:6:in `index'
Completed 200 OK in 6ms (Views: 2.6ms | ActiveRecord: 0.8ms | Allocations: 971)


Started GET "/api/v1/jobs.json" for 127.0.0.1 at 2020-10-23 23:36:11 +0000
Processing by Api::V1::JobsController#index as JSON
  [1m[36mJob Load (0.6ms)[0m  [1m[34mSELECT "jobs".* FROM "jobs"[0m
  ↳ app/controllers/api/v1/jobs_controller.rb:6:in `index'
Completed 200 OK in 10ms (Views: 9.0ms | ActiveRecord: 0.6ms | Allocations: 971)


Started GET "/api/v1/jobs.json" for 127.0.0.1 at 2020-10-23 23:54:58 +0000
Processing by Api::V1::JobsController#index as JSON
  [1m[36mJob Load (2.3ms)[0m  [1m[34mSELECT "jobs".* FROM "jobs"[0m
  ↳ app/controllers/api/v1/jobs_controller.rb:6:in `index'
Completed 200 OK in 16ms (Views: 13.0ms | ActiveRecord: 2.3ms | Allocations: 1020)


Started GET "/api/v1/jobs.json" for 127.0.0.1 at 2020-10-23 23:55:27 +0000
Processing by Api::V1::JobsController#index as JSON
  [1m[36mJob Load (0.6ms)[0m  [1m[34mSELECT "jobs".* FROM "jobs"[0m
  ↳ app/controllers/api/v1/jobs_controller.rb:6:in `index'
Completed 200 OK in 8ms (Views: 7.1ms | ActiveRecord: 0.6ms | Allocations: 971)


Started GET "/api/v1/jobs.json" for 127.0.0.1 at 2020-10-23 23:58:10 +0000
Processing by Api::V1::JobsController#index as JSON
  [1m[36mJob Load (2.4ms)[0m  [1m[34mSELECT "jobs".* FROM "jobs"[0m
  ↳ app/controllers/api/v1/jobs_controller.rb:6:in `index'
Completed 200 OK in 12ms (Views: 8.8ms | ActiveRecord: 2.4ms | Allocations: 971)


Started GET "/favicon.ico" for 127.0.0.1 at 2020-10-24 22:50:54 +0000
  
ActionController::RoutingError (No route matches [GET] "/favicon.ico"):
  
actionpack (6.0.3.4) lib/action_dispatch/middleware/debug_exceptions.rb:36:in `call'
actionpack (6.0.3.4) lib/action_dispatch/middleware/show_exceptions.rb:33:in `call'
railties (6.0.3.4) lib/rails/rack/logger.rb:37:in `call_app'
railties (6.0.3.4) lib/rails/rack/logger.rb:26:in `block in call'
activesupport (6.0.3.4) lib/active_support/tagged_logging.rb:80:in `block in tagged'
activesupport (6.0.3.4) lib/active_support/tagged_logging.rb:28:in `tagged'
activesupport (6.0.3.4) lib/active_support/tagged_logging.rb:80:in `tagged'
railties (6.0.3.4) lib/rails/rack/logger.rb:26:in `call'
actionpack (6.0.3.4) lib/action_dispatch/middleware/remote_ip.rb:81:in `call'
actionpack (6.0.3.4) lib/action_dispatch/middleware/request_id.rb:27:in `call'
rack (2.2.3) lib/rack/runtime.rb:22:in `call'
activesupport (6.0.3.4) lib/active_support/cache/strategy/local_cache_middleware.rb:29:in `call'
actionpack (6.0.3.4) lib/action_dispatch/middleware/executor.rb:14:in `call'
actionpack (6.0.3.4) lib/action_dispatch/middleware/static.rb:126:in `call'
rack (2.2.3) lib/rack/sendfile.rb:110:in `call'
actionpack (6.0.3.4) lib/action_dispatch/middleware/host_authorization.rb:82:in `call'
railties (6.0.3.4) lib/rails/engine.rb:527:in `call'
puma (4.3.6) lib/puma/configuration.rb:228:in `call'
puma (4.3.6) lib/puma/server.rb:713:in `handle_request'
puma (4.3.6) lib/puma/server.rb:472:in `process_client'
puma (4.3.6) lib/puma/server.rb:328:in `block in run'
puma (4.3.6) lib/puma/thread_pool.rb:134:in `block in spawn_thread'
Started GET "/api/v1/jobs.json" for 127.0.0.1 at 2020-10-24 23:20:45 +0000
Processing by Api::V1::JobsController#index as JSON
  [1m[36mJob Load (1.9ms)[0m  [1m[34mSELECT "jobs".* FROM "jobs"[0m
  ↳ app/controllers/api/v1/jobs_controller.rb:6:in `index'
Completed 200 OK in 19ms (Views: 15.4ms | ActiveRecord: 1.9ms | Allocations: 1019)


Started GET "/api/v1/jobs.json" for 127.0.0.1 at 2020-10-24 23:23:06 +0000
Processing by Api::V1::JobsController#index as JSON
  [1m[36mJob Load (1.6ms)[0m  [1m[34mSELECT "jobs".* FROM "jobs"[0m
  ↳ app/controllers/api/v1/jobs_controller.rb:6:in `index'
Completed 200 OK in 72ms (Views: 69.5ms | ActiveRecord: 1.6ms | Allocations: 974)


Started GET "/api/v1/jobs.json" for 127.0.0.1 at 2020-10-24 23:23:21 +0000
Processing by Api::V1::JobsController#index as JSON
  [1m[36mJob Load (0.9ms)[0m  [1m[34mSELECT "jobs".* FROM "jobs"[0m
  ↳ app/controllers/api/v1/jobs_controller.rb:6:in `index'
Completed 200 OK in 10ms (Views: 8.9ms | ActiveRecord: 0.9ms | Allocations: 971)


Started GET "/api/v1/jobs.json" for 127.0.0.1 at 2020-10-24 23:27:06 +0000
Processing by Api::V1::JobsController#index as JSON
  [1m[36mJob Load (3.3ms)[0m  [1m[34mSELECT "jobs".* FROM "jobs"[0m
  ↳ app/controllers/api/v1/jobs_controller.rb:6:in `index'
Completed 200 OK in 8ms (Views: 4.5ms | ActiveRecord: 3.3ms | Allocations: 971)


Started GET "/api/v1/jobs.json" for 127.0.0.1 at 2020-10-24 23:28:53 +0000
Processing by Api::V1::JobsController#index as JSON
  [1m[36mJob Load (0.7ms)[0m  [1m[34mSELECT "jobs".* FROM "jobs"[0m
  ↳ app/controllers/api/v1/jobs_controller.rb:6:in `index'
Completed 200 OK in 8ms (Views: 6.6ms | ActiveRecord: 0.7ms | Allocations: 971)


Started GET "/api/v1/jobs.json" for 127.0.0.1 at 2020-10-24 23:29:22 +0000
Processing by Api::V1::JobsController#index as JSON
  [1m[36mJob Load (2.3ms)[0m  [1m[34mSELECT "jobs".* FROM "jobs"[0m
  ↳ app/controllers/api/v1/jobs_controller.rb:6:in `index'
Completed 200 OK in 92ms (Views: 88.9ms | ActiveRecord: 2.3ms | Allocations: 971)


Started GET "/api/v1/jobs.json" for 127.0.0.1 at 2020-10-24 23:30:52 +0000
Processing by Api::V1::JobsController#index as JSON
  [1m[36mJob Load (0.6ms)[0m  [1m[34mSELECT "jobs".* FROM "jobs"[0m
  ↳ app/controllers/api/v1/jobs_controller.rb:6:in `index'
Completed 200 OK in 11ms (Views: 10.3ms | ActiveRecord: 0.6ms | Allocations: 971)


Started GET "/api/v1/jobs.json" for 127.0.0.1 at 2020-10-24 23:32:08 +0000
Processing by Api::V1::JobsController#index as JSON
  [1m[36mJob Load (6.1ms)[0m  [1m[34mSELECT "jobs".* FROM "jobs"[0m
  ↳ app/controllers/api/v1/jobs_controller.rb:6:in `index'
Completed 200 OK in 12ms (Views: 4.6ms | ActiveRecord: 6.1ms | Allocations: 971)


Started GET "/api/v1/jobs.json" for 127.0.0.1 at 2020-10-24 23:32:47 +0000
Processing by Api::V1::JobsController#index as JSON
  [1m[36mJob Load (2.7ms)[0m  [1m[34mSELECT "jobs".* FROM "jobs"[0m
  ↳ app/controllers/api/v1/jobs_controller.rb:6:in `index'
Completed 200 OK in 115ms (Views: 112.0ms | ActiveRecord: 2.7ms | Allocations: 971)


Started GET "/api/v1/jobs.json" for 127.0.0.1 at 2020-10-24 23:35:41 +0000
Processing by Api::V1::JobsController#index as JSON
  [1m[36mJob Load (2.4ms)[0m  [1m[34mSELECT "jobs".* FROM "jobs"[0m
  ↳ app/controllers/api/v1/jobs_controller.rb:6:in `index'
Completed 200 OK in 11ms (Views: 8.3ms | ActiveRecord: 2.4ms | Allocations: 971)


Started GET "/api/v1/jobs.json" for 127.0.0.1 at 2020-10-24 23:37:36 +0000
Processing by Api::V1::JobsController#index as JSON
  [1m[36mJob Load (0.8ms)[0m  [1m[34mSELECT "jobs".* FROM "jobs"[0m
  ↳ app/controllers/api/v1/jobs_controller.rb:6:in `index'
Completed 200 OK in 11ms (Views: 9.0ms | ActiveRecord: 0.8ms | Allocations: 971)


Started GET "/api/v1/jobs.json" for 127.0.0.1 at 2020-10-24 23:53:02 +0000
Processing by Api::V1::JobsController#index as JSON
  [1m[36mJob Load (4.5ms)[0m  [1m[34mSELECT "jobs".* FROM "jobs"[0m
  ↳ app/controllers/api/v1/jobs_controller.rb:6:in `index'
Completed 200 OK in 9ms (Views: 4.1ms | ActiveRecord: 4.5ms | Allocations: 1021)


Started GET "/api/v1/jobs.json" for 127.0.0.1 at 2020-10-24 23:53:32 +0000
Processing by Api::V1::JobsController#index as JSON
  [1m[36mJob Load (1.9ms)[0m  [1m[34mSELECT "jobs".* FROM "jobs"[0m
  ↳ app/controllers/api/v1/jobs_controller.rb:6:in `index'
Completed 200 OK in 14ms (Views: 11.3ms | ActiveRecord: 1.9ms | Allocations: 971)


